<?xml version="1.0" encoding="UTF-8"?>
<coverage generated="1771793134557" clover="3.2.0">
  <project timestamp="1771793134558" name="All files">
    <metrics statements="177" coveredstatements="56" conditionals="33" coveredconditionals="13" methods="32" coveredmethods="14" elements="242" coveredelements="83" complexity="0" loc="177" ncloc="177" packages="1" files="5" classes="5"/>
    <file name="index.ts" path="C:\Work\TalentDojo\Mike\my-basket-app\microservices\cart-service\src\index.ts">
      <metrics statements="26" coveredstatements="0" conditionals="2" coveredconditionals="0" methods="3" coveredmethods="0"/>
      <line num="1" count="0" type="stmt"/>
      <line num="2" count="0" type="stmt"/>
      <line num="3" count="0" type="stmt"/>
      <line num="4" count="0" type="stmt"/>
      <line num="5" count="0" type="stmt"/>
      <line num="6" count="0" type="stmt"/>
      <line num="7" count="0" type="stmt"/>
      <line num="9" count="0" type="stmt"/>
      <line num="11" count="0" type="stmt"/>
      <line num="12" count="0" type="cond" truecount="0" falsecount="2"/>
      <line num="15" count="0" type="stmt"/>
      <line num="16" count="0" type="stmt"/>
      <line num="17" count="0" type="stmt"/>
      <line num="18" count="0" type="stmt"/>
      <line num="19" count="0" type="stmt"/>
      <line num="22" count="0" type="stmt"/>
      <line num="25" count="0" type="stmt"/>
      <line num="28" count="0" type="stmt"/>
      <line num="29" count="0" type="stmt"/>
      <line num="30" count="0" type="stmt"/>
      <line num="34" count="0" type="stmt"/>
      <line num="35" count="0" type="stmt"/>
      <line num="38" count="0" type="stmt"/>
      <line num="39" count="0" type="stmt"/>
      <line num="40" count="0" type="stmt"/>
      <line num="41" count="0" type="stmt"/>
    </file>
    <file name="product-client.ts" path="C:\Work\TalentDojo\Mike\my-basket-app\microservices\cart-service\src\product-client.ts">
      <metrics statements="18" coveredstatements="3" conditionals="6" coveredconditionals="2" methods="5" coveredmethods="0"/>
      <line num="1" count="1" type="stmt"/>
      <line num="4" count="1" type="cond" truecount="2" falsecount="0"/>
      <line num="6" count="1" type="stmt"/>
      <line num="8" count="0" type="stmt"/>
      <line num="9" count="0" type="stmt"/>
      <line num="10" count="0" type="stmt"/>
      <line num="12" count="0" type="cond" truecount="0" falsecount="2"/>
      <line num="13" count="0" type="stmt"/>
      <line num="15" count="0" type="stmt"/>
      <line num="16" count="0" type="stmt"/>
      <line num="21" count="0" type="stmt"/>
      <line num="22" count="0" type="stmt"/>
      <line num="23" count="0" type="stmt"/>
      <line num="25" count="0" type="stmt"/>
      <line num="27" count="0" type="cond" truecount="0" falsecount="2"/>
      <line num="29" count="0" type="stmt"/>
      <line num="31" count="0" type="stmt"/>
      <line num="32" count="0" type="stmt"/>
    </file>
    <file name="routes.ts" path="C:\Work\TalentDojo\Mike\my-basket-app\microservices\cart-service\src\routes.ts">
      <metrics statements="71" coveredstatements="0" conditionals="14" coveredconditionals="0" methods="8" coveredmethods="0"/>
      <line num="1" count="0" type="stmt"/>
      <line num="2" count="0" type="stmt"/>
      <line num="3" count="0" type="stmt"/>
      <line num="5" count="0" type="stmt"/>
      <line num="6" count="0" type="stmt"/>
      <line num="9" count="0" type="stmt"/>
      <line num="14" count="0" type="stmt"/>
      <line num="18" count="0" type="stmt"/>
      <line num="23" count="0" type="stmt"/>
      <line num="24" count="0" type="stmt"/>
      <line num="25" count="0" type="stmt"/>
      <line num="26" count="0" type="stmt"/>
      <line num="27" count="0" type="stmt"/>
      <line num="29" count="0" type="cond" truecount="0" falsecount="2"/>
      <line num="30" count="0" type="stmt"/>
      <line num="32" count="0" type="stmt"/>
      <line num="62" count="0" type="stmt"/>
      <line num="63" count="0" type="stmt"/>
      <line num="64" count="0" type="stmt"/>
      <line num="65" count="0" type="stmt"/>
      <line num="66" count="0" type="stmt"/>
      <line num="68" count="0" type="stmt"/>
      <line num="69" count="0" type="stmt"/>
      <line num="107" count="0" type="stmt"/>
      <line num="108" count="0" type="stmt"/>
      <line num="109" count="0" type="stmt"/>
      <line num="110" count="0" type="stmt"/>
      <line num="112" count="0" type="stmt"/>
      <line num="113" count="0" type="stmt"/>
      <line num="115" count="0" type="cond" truecount="0" falsecount="2"/>
      <line num="116" count="0" type="stmt"/>
      <line num="118" count="0" type="cond" truecount="0" falsecount="4"/>
      <line num="119" count="0" type="stmt"/>
      <line num="121" count="0" type="stmt"/>
      <line num="122" count="0" type="stmt"/>
      <line num="126" count="0" type="stmt"/>
      <line num="127" count="0" type="stmt"/>
      <line num="128" count="0" type="stmt"/>
      <line num="129" count="0" type="stmt"/>
      <line num="131" count="0" type="stmt"/>
      <line num="132" count="0" type="stmt"/>
      <line num="134" count="0" type="cond" truecount="0" falsecount="2"/>
      <line num="135" count="0" type="stmt"/>
      <line num="137" count="0" type="cond" truecount="0" falsecount="4"/>
      <line num="138" count="0" type="stmt"/>
      <line num="140" count="0" type="stmt"/>
      <line num="141" count="0" type="stmt"/>
      <line num="145" count="0" type="stmt"/>
      <line num="146" count="0" type="stmt"/>
      <line num="147" count="0" type="stmt"/>
      <line num="148" count="0" type="stmt"/>
      <line num="149" count="0" type="stmt"/>
      <line num="151" count="0" type="stmt"/>
      <line num="152" count="0" type="stmt"/>
      <line num="156" count="0" type="stmt"/>
      <line num="157" count="0" type="stmt"/>
      <line num="158" count="0" type="stmt"/>
      <line num="159" count="0" type="stmt"/>
      <line num="160" count="0" type="stmt"/>
      <line num="162" count="0" type="stmt"/>
      <line num="163" count="0" type="stmt"/>
      <line num="167" count="0" type="stmt"/>
      <line num="168" count="0" type="stmt"/>
      <line num="169" count="0" type="stmt"/>
      <line num="170" count="0" type="stmt"/>
      <line num="171" count="0" type="stmt"/>
      <line num="173" count="0" type="stmt"/>
      <line num="174" count="0" type="stmt"/>
      <line num="189" count="0" type="stmt"/>
      <line num="190" count="0" type="stmt"/>
      <line num="193" count="0" type="stmt"/>
    </file>
    <file name="service.ts" path="C:\Work\TalentDojo\Mike\my-basket-app\microservices\cart-service\src\service.ts">
      <metrics statements="53" coveredstatements="53" conditionals="11" coveredconditionals="11" methods="14" coveredmethods="14"/>
      <line num="2" count="1" type="stmt"/>
      <line num="3" count="1" type="stmt"/>
      <line num="5" count="1" type="stmt"/>
      <line num="6" count="40" type="stmt"/>
      <line num="10" count="40" type="stmt"/>
      <line num="14" count="82" type="stmt"/>
      <line num="16" count="82" type="cond" truecount="2" falsecount="0"/>
      <line num="17" count="40" type="stmt"/>
      <line num="26" count="40" type="stmt"/>
      <line num="29" count="82" type="stmt"/>
      <line num="33" count="44" type="stmt"/>
      <line num="34" count="44" type="cond" truecount="2" falsecount="0"/>
      <line num="35" count="1" type="stmt"/>
      <line num="38" count="43" type="stmt"/>
      <line num="39" count="43" type="stmt"/>
      <line num="41" count="43" type="cond" truecount="2" falsecount="0"/>
      <line num="42" count="1" type="stmt"/>
      <line num="44" count="42" type="stmt"/>
      <line num="49" count="42" type="stmt"/>
      <line num="52" count="43" type="stmt"/>
      <line num="53" count="43" type="stmt"/>
      <line num="54" count="43" type="stmt"/>
      <line num="56" count="43" type="stmt"/>
      <line num="60" count="8" type="stmt"/>
      <line num="61" count="10" type="stmt"/>
      <line num="63" count="8" type="stmt"/>
      <line num="64" count="8" type="stmt"/>
      <line num="65" count="8" type="stmt"/>
      <line num="67" count="8" type="stmt"/>
      <line num="71" count="9" type="cond" truecount="2" falsecount="0"/>
      <line num="72" count="2" type="stmt"/>
      <line num="75" count="7" type="stmt"/>
      <line num="76" count="7" type="stmt"/>
      <line num="78" count="7" type="cond" truecount="2" falsecount="0"/>
      <line num="79" count="1" type="stmt"/>
      <line num="82" count="6" type="stmt"/>
      <line num="83" count="6" type="stmt"/>
      <line num="84" count="6" type="stmt"/>
      <line num="85" count="6" type="stmt"/>
      <line num="87" count="6" type="stmt"/>
      <line num="91" count="6" type="stmt"/>
      <line num="92" count="6" type="stmt"/>
      <line num="93" count="6" type="stmt"/>
      <line num="94" count="6" type="stmt"/>
      <line num="95" count="6" type="stmt"/>
      <line num="96" count="6" type="stmt"/>
      <line num="98" count="6" type="stmt"/>
      <line num="102" count="5" type="stmt"/>
      <line num="106" count="4" type="stmt"/>
      <line num="107" count="4" type="stmt"/>
      <line num="115" count="66" type="stmt"/>
      <line num="116" count="66" type="stmt"/>
      <line num="117" count="57" type="stmt"/>
    </file>
    <file name="swagger.ts" path="C:\Work\TalentDojo\Mike\my-basket-app\microservices\cart-service\src\swagger.ts">
      <metrics statements="9" coveredstatements="0" conditionals="0" coveredconditionals="0" methods="2" coveredmethods="0"/>
      <line num="1" count="0" type="stmt"/>
      <line num="2" count="0" type="stmt"/>
      <line num="5" count="0" type="stmt"/>
      <line num="95" count="0" type="stmt"/>
      <line num="97" count="0" type="stmt"/>
      <line num="98" count="0" type="stmt"/>
      <line num="103" count="0" type="stmt"/>
      <line num="104" count="0" type="stmt"/>
      <line num="105" count="0" type="stmt"/>
    </file>
  </project>
</coverage>
