{"C:\\Work\\TalentDojo\\Mike\\my-basket-app\\microservices\\cart-service\\src\\index.ts": {"path":"C:\\Work\\TalentDojo\\Mike\\my-basket-app\\microservices\\cart-service\\src\\index.ts","statementMap":{"0":{"start":{"line":1,"column":0},"end":{"line":1,"column":30}},"1":{"start":{"line":2,"column":0},"end":{"line":2,"column":24}},"2":{"start":{"line":3,"column":0},"end":{"line":3,"column":28}},"3":{"start":{"line":4,"column":0},"end":{"line":4,"column":38}},"4":{"start":{"line":5,"column":0},"end":{"line":5,"column":28}},"5":{"start":{"line":6,"column":0},"end":{"line":6,"column":34}},"6":{"start":{"line":7,"column":0},"end":{"line":7,"column":41}},"7":{"start":{"line":9,"column":0},"end":{"line":9,"column":16}},"8":{"start":{"line":11,"column":12},"end":{"line":11,"column":21}},"9":{"start":{"line":12,"column":13},"end":{"line":12,"column":37}},"10":{"start":{"line":15,"column":0},"end":{"line":15,"column":50}},"11":{"start":{"line":16,"column":0},"end":{"line":16,"column":16}},"12":{"start":{"line":17,"column":0},"end":{"line":17,"column":23}},"13":{"start":{"line":18,"column":0},"end":{"line":18,"column":24}},"14":{"start":{"line":19,"column":0},"end":{"line":19,"column":48}},"15":{"start":{"line":22,"column":0},"end":{"line":22,"column":18}},"16":{"start":{"line":25,"column":0},"end":{"line":25,"column":28}},"17":{"start":{"line":28,"column":0},"end":{"line":31,"column":3}},"18":{"start":{"line":29,"column":2},"end":{"line":29,"column":46}},"19":{"start":{"line":30,"column":2},"end":{"line":30,"column":59}},"20":{"start":{"line":34,"column":0},"end":{"line":36,"column":3}},"21":{"start":{"line":35,"column":2},"end":{"line":35,"column":53}},"22":{"start":{"line":38,"column":0},"end":{"line":42,"column":3}},"23":{"start":{"line":39,"column":2},"end":{"line":39,"column":54}},"24":{"start":{"line":40,"column":2},"end":{"line":40,"column":67}},"25":{"start":{"line":41,"column":2},"end":{"line":41,"column":61}}},"fnMap":{"0":{"name":"(anonymous_1)","decl":{"start":{"line":28,"column":8},"end":{"line":28,"column":9}},"loc":{"start":{"line":28,"column":96},"end":{"line":31,"column":1}}},"1":{"name":"(anonymous_2)","decl":{"start":{"line":34,"column":13},"end":{"line":34,"column":14}},"loc":{"start":{"line":34,"column":61},"end":{"line":36,"column":1}}},"2":{"name":"(anonymous_3)","decl":{"start":{"line":38,"column":17},"end":{"line":38,"column":20}},"loc":{"start":{"line":38,"column":22},"end":{"line":42,"column":1}}}},"branchMap":{"0":{"loc":{"start":{"line":12,"column":13},"end":{"line":12,"column":37}},"type":"binary-expr","locations":[{"start":{"line":12,"column":13},"end":{"line":12,"column":29}},{"start":{"line":12,"column":33},"end":{"line":12,"column":37}}]}},"s":{"0":0,"1":0,"2":0,"3":0,"4":0,"5":0,"6":0,"7":0,"8":0,"9":0,"10":0,"11":0,"12":0,"13":0,"14":0,"15":0,"16":0,"17":0,"18":0,"19":0,"20":0,"21":0,"22":0,"23":0,"24":0,"25":0},"f":{"0":0,"1":0,"2":0},"b":{"0":[0,0]}}
,"C:\\Work\\TalentDojo\\Mike\\my-basket-app\\microservices\\cart-service\\src\\product-client.ts": {"path":"C:\\Work\\TalentDojo\\Mike\\my-basket-app\\microservices\\cart-service\\src\\product-client.ts","statementMap":{"0":{"start":{"line":1,"column":0},"end":{"line":1,"column":26}},"1":{"start":{"line":4,"column":28},"end":{"line":4,"column":86}},"2":{"start":{"line":8,"column":4},"end":{"line":17,"column":5}},"3":{"start":{"line":9,"column":23},"end":{"line":9,"column":99}},"4":{"start":{"line":10,"column":6},"end":{"line":10,"column":38}},"5":{"start":{"line":12,"column":6},"end":{"line":14,"column":7}},"6":{"start":{"line":13,"column":8},"end":{"line":13,"column":20}},"7":{"start":{"line":15,"column":6},"end":{"line":15,"column":54}},"8":{"start":{"line":16,"column":6},"end":{"line":16,"column":49}},"9":{"start":{"line":21,"column":4},"end":{"line":33,"column":5}},"10":{"start":{"line":22,"column":23},"end":{"line":22,"column":64}},"11":{"start":{"line":22,"column":44},"end":{"line":22,"column":63}},"12":{"start":{"line":23,"column":22},"end":{"line":23,"column":56}},"13":{"start":{"line":25,"column":6},"end":{"line":29,"column":37}},"14":{"start":{"line":27,"column":10},"end":{"line":27,"column":64}},"15":{"start":{"line":29,"column":23},"end":{"line":29,"column":35}},"16":{"start":{"line":31,"column":6},"end":{"line":31,"column":55}},"17":{"start":{"line":32,"column":6},"end":{"line":32,"column":50}},"18":{"start":{"line":6,"column":0},"end":{"line":6,"column":13}}},"fnMap":{"0":{"name":"(anonymous_1)","decl":{"start":{"line":7,"column":2},"end":{"line":7,"column":7}},"loc":{"start":{"line":7,"column":36},"end":{"line":18,"column":3}}},"1":{"name":"(anonymous_2)","decl":{"start":{"line":20,"column":2},"end":{"line":20,"column":7}},"loc":{"start":{"line":20,"column":40},"end":{"line":34,"column":3}}},"2":{"name":"(anonymous_3)","decl":{"start":{"line":22,"column":38},"end":{"line":22,"column":40}},"loc":{"start":{"line":22,"column":44},"end":{"line":22,"column":63}}},"3":{"name":"(anonymous_4)","decl":{"start":{"line":26,"column":16},"end":{"line":26,"column":17}},"loc":{"start":{"line":27,"column":10},"end":{"line":27,"column":64}}},"4":{"name":"(anonymous_5)","decl":{"start":{"line":29,"column":13},"end":{"line":29,"column":19}},"loc":{"start":{"line":29,"column":23},"end":{"line":29,"column":35}}}},"branchMap":{"0":{"loc":{"start":{"line":4,"column":28},"end":{"line":4,"column":86}},"type":"binary-expr","locations":[{"start":{"line":4,"column":28},"end":{"line":4,"column":59}},{"start":{"line":4,"column":63},"end":{"line":4,"column":86}}]},"1":{"loc":{"start":{"line":12,"column":6},"end":{"line":14,"column":7}},"type":"if","locations":[{"start":{"line":12,"column":6},"end":{"line":14,"column":7}},{"start":{},"end":{}}]},"2":{"loc":{"start":{"line":27,"column":10},"end":{"line":27,"column":64}},"type":"binary-expr","locations":[{"start":{"line":27,"column":10},"end":{"line":27,"column":39}},{"start":{"line":27,"column":43},"end":{"line":27,"column":64}}]}},"s":{"0":1,"1":1,"2":0,"3":0,"4":0,"5":0,"6":0,"7":0,"8":0,"9":0,"10":0,"11":0,"12":0,"13":0,"14":0,"15":0,"16":0,"17":0,"18":1},"f":{"0":0,"1":0,"2":0,"3":0,"4":0},"b":{"0":[1,1],"1":[0,0],"2":[0,0]}}
,"C:\\Work\\TalentDojo\\Mike\\my-basket-app\\microservices\\cart-service\\src\\routes.ts": {"path":"C:\\Work\\TalentDojo\\Mike\\my-basket-app\\microservices\\cart-service\\src\\routes.ts","statementMap":{"0":{"start":{"line":1,"column":0},"end":{"line":1,"column":53}},"1":{"start":{"line":2,"column":0},"end":{"line":2,"column":40}},"2":{"start":{"line":3,"column":0},"end":{"line":3,"column":24}},"3":{"start":{"line":5,"column":15},"end":{"line":5,"column":31}},"4":{"start":{"line":6,"column":20},"end":{"line":6,"column":37}},"5":{"start":{"line":9,"column":24},"end":{"line":12,"column":2}},"6":{"start":{"line":14,"column":29},"end":{"line":16,"column":2}},"7":{"start":{"line":18,"column":21},"end":{"line":20,"column":2}},"8":{"start":{"line":23,"column":23},"end":{"line":34,"column":1}},"9":{"start":{"line":24,"column":2},"end":{"line":33,"column":3}},"10":{"start":{"line":25,"column":23},"end":{"line":25,"column":53}},"11":{"start":{"line":26,"column":4},"end":{"line":26,"column":31}},"12":{"start":{"line":27,"column":4},"end":{"line":27,"column":11}},"13":{"start":{"line":29,"column":4},"end":{"line":31,"column":5}},"14":{"start":{"line":30,"column":6},"end":{"line":30,"column":87}},"15":{"start":{"line":32,"column":4},"end":{"line":32,"column":16}},"16":{"start":{"line":62,"column":0},"end":{"line":71,"column":3}},"17":{"start":{"line":63,"column":2},"end":{"line":70,"column":3}},"18":{"start":{"line":64,"column":23},"end":{"line":64,"column":33}},"19":{"start":{"line":65,"column":17},"end":{"line":65,"column":50}},"20":{"start":{"line":66,"column":4},"end":{"line":66,"column":19}},"21":{"start":{"line":68,"column":4},"end":{"line":68,"column":49}},"22":{"start":{"line":69,"column":4},"end":{"line":69,"column":61}},"23":{"start":{"line":107,"column":0},"end":{"line":124,"column":3}},"24":{"start":{"line":108,"column":2},"end":{"line":123,"column":3}},"25":{"start":{"line":109,"column":23},"end":{"line":109,"column":33}},"26":{"start":{"line":110,"column":36},"end":{"line":110,"column":67}},"27":{"start":{"line":112,"column":17},"end":{"line":112,"column":73}},"28":{"start":{"line":113,"column":4},"end":{"line":113,"column":19}},"29":{"start":{"line":115,"column":4},"end":{"line":117,"column":5}},"30":{"start":{"line":116,"column":6},"end":{"line":116,"column":92}},"31":{"start":{"line":118,"column":4},"end":{"line":120,"column":5}},"32":{"start":{"line":119,"column":6},"end":{"line":119,"column":66}},"33":{"start":{"line":121,"column":4},"end":{"line":121,"column":50}},"34":{"start":{"line":122,"column":4},"end":{"line":122,"column":61}},"35":{"start":{"line":126,"column":0},"end":{"line":143,"column":3}},"36":{"start":{"line":127,"column":2},"end":{"line":142,"column":3}},"37":{"start":{"line":128,"column":34},"end":{"line":128,"column":44}},"38":{"start":{"line":129,"column":25},"end":{"line":129,"column":61}},"39":{"start":{"line":131,"column":17},"end":{"line":131,"column":78}},"40":{"start":{"line":132,"column":4},"end":{"line":132,"column":19}},"41":{"start":{"line":134,"column":4},"end":{"line":136,"column":5}},"42":{"start":{"line":135,"column":6},"end":{"line":135,"column":92}},"43":{"start":{"line":137,"column":4},"end":{"line":139,"column":5}},"44":{"start":{"line":138,"column":6},"end":{"line":138,"column":71}},"45":{"start":{"line":140,"column":4},"end":{"line":140,"column":54}},"46":{"start":{"line":141,"column":4},"end":{"line":141,"column":61}},"47":{"start":{"line":145,"column":0},"end":{"line":154,"column":3}},"48":{"start":{"line":146,"column":2},"end":{"line":153,"column":3}},"49":{"start":{"line":147,"column":34},"end":{"line":147,"column":44}},"50":{"start":{"line":148,"column":17},"end":{"line":148,"column":68}},"51":{"start":{"line":149,"column":4},"end":{"line":149,"column":19}},"52":{"start":{"line":151,"column":4},"end":{"line":151,"column":54}},"53":{"start":{"line":152,"column":4},"end":{"line":152,"column":61}},"54":{"start":{"line":156,"column":0},"end":{"line":165,"column":3}},"55":{"start":{"line":157,"column":2},"end":{"line":164,"column":3}},"56":{"start":{"line":158,"column":23},"end":{"line":158,"column":33}},"57":{"start":{"line":159,"column":17},"end":{"line":159,"column":52}},"58":{"start":{"line":160,"column":4},"end":{"line":160,"column":19}},"59":{"start":{"line":162,"column":4},"end":{"line":162,"column":49}},"60":{"start":{"line":163,"column":4},"end":{"line":163,"column":61}},"61":{"start":{"line":167,"column":0},"end":{"line":176,"column":3}},"62":{"start":{"line":168,"column":2},"end":{"line":175,"column":3}},"63":{"start":{"line":169,"column":23},"end":{"line":169,"column":33}},"64":{"start":{"line":170,"column":20},"end":{"line":170,"column":60}},"65":{"start":{"line":171,"column":4},"end":{"line":171,"column":22}},"66":{"start":{"line":173,"column":4},"end":{"line":173,"column":57}},"67":{"start":{"line":174,"column":4},"end":{"line":174,"column":61}},"68":{"start":{"line":189,"column":0},"end":{"line":191,"column":3}},"69":{"start":{"line":190,"column":2},"end":{"line":190,"column":96}},"70":{"start":{"line":193,"column":0},"end":{"line":193,"column":22}}},"fnMap":{"0":{"name":"(anonymous_1)","decl":{"start":{"line":23,"column":23},"end":{"line":23,"column":24}},"loc":{"start":{"line":23,"column":83},"end":{"line":34,"column":1}}},"1":{"name":"(anonymous_2)","decl":{"start":{"line":62,"column":44},"end":{"line":62,"column":49}},"loc":{"start":{"line":62,"column":82},"end":{"line":71,"column":1}}},"2":{"name":"(anonymous_3)","decl":{"start":{"line":107,"column":51},"end":{"line":107,"column":56}},"loc":{"start":{"line":107,"column":89},"end":{"line":124,"column":1}}},"3":{"name":"(anonymous_4)","decl":{"start":{"line":126,"column":61},"end":{"line":126,"column":66}},"loc":{"start":{"line":126,"column":99},"end":{"line":143,"column":1}}},"4":{"name":"(anonymous_5)","decl":{"start":{"line":145,"column":64},"end":{"line":145,"column":69}},"loc":{"start":{"line":145,"column":102},"end":{"line":154,"column":1}}},"5":{"name":"(anonymous_6)","decl":{"start":{"line":156,"column":47},"end":{"line":156,"column":52}},"loc":{"start":{"line":156,"column":85},"end":{"line":165,"column":1}}},"6":{"name":"(anonymous_7)","decl":{"start":{"line":167,"column":52},"end":{"line":167,"column":57}},"loc":{"start":{"line":167,"column":90},"end":{"line":176,"column":1}}},"7":{"name":"(anonymous_8)","decl":{"start":{"line":189,"column":22},"end":{"line":189,"column":23}},"loc":{"start":{"line":189,"column":54},"end":{"line":191,"column":1}}}},"branchMap":{"0":{"loc":{"start":{"line":29,"column":4},"end":{"line":31,"column":5}},"type":"if","locations":[{"start":{"line":29,"column":4},"end":{"line":31,"column":5}},{"start":{},"end":{}}]},"1":{"loc":{"start":{"line":115,"column":4},"end":{"line":117,"column":5}},"type":"if","locations":[{"start":{"line":115,"column":4},"end":{"line":117,"column":5}},{"start":{},"end":{}}]},"2":{"loc":{"start":{"line":118,"column":4},"end":{"line":120,"column":5}},"type":"if","locations":[{"start":{"line":118,"column":4},"end":{"line":120,"column":5}},{"start":{},"end":{}}]},"3":{"loc":{"start":{"line":118,"column":8},"end":{"line":118,"column":71}},"type":"binary-expr","locations":[{"start":{"line":118,"column":8},"end":{"line":118,"column":30}},{"start":{"line":118,"column":34},"end":{"line":118,"column":71}}]},"4":{"loc":{"start":{"line":134,"column":4},"end":{"line":136,"column":5}},"type":"if","locations":[{"start":{"line":134,"column":4},"end":{"line":136,"column":5}},{"start":{},"end":{}}]},"5":{"loc":{"start":{"line":137,"column":4},"end":{"line":139,"column":5}},"type":"if","locations":[{"start":{"line":137,"column":4},"end":{"line":139,"column":5}},{"start":{},"end":{}}]},"6":{"loc":{"start":{"line":137,"column":8},"end":{"line":137,"column":76}},"type":"binary-expr","locations":[{"start":{"line":137,"column":8},"end":{"line":137,"column":30}},{"start":{"line":137,"column":34},"end":{"line":137,"column":76}}]}},"s":{"0":0,"1":0,"2":0,"3":0,"4":0,"5":0,"6":0,"7":0,"8":0,"9":0,"10":0,"11":0,"12":0,"13":0,"14":0,"15":0,"16":0,"17":0,"18":0,"19":0,"20":0,"21":0,"22":0,"23":0,"24":0,"25":0,"26":0,"27":0,"28":0,"29":0,"30":0,"31":0,"32":0,"33":0,"34":0,"35":0,"36":0,"37":0,"38":0,"39":0,"40":0,"41":0,"42":0,"43":0,"44":0,"45":0,"46":0,"47":0,"48":0,"49":0,"50":0,"51":0,"52":0,"53":0,"54":0,"55":0,"56":0,"57":0,"58":0,"59":0,"60":0,"61":0,"62":0,"63":0,"64":0,"65":0,"66":0,"67":0,"68":0,"69":0,"70":0},"f":{"0":0,"1":0,"2":0,"3":0,"4":0,"5":0,"6":0,"7":0},"b":{"0":[0,0],"1":[0,0],"2":[0,0],"3":[0,0],"4":[0,0],"5":[0,0],"6":[0,0]}}
,"C:\\Work\\TalentDojo\\Mike\\my-basket-app\\microservices\\cart-service\\src\\service.ts": {"path":"C:\\Work\\TalentDojo\\Mike\\my-basket-app\\microservices\\cart-service\\src\\service.ts","statementMap":{"0":{"start":{"line":2,"column":0},"end":{"line":2,"column":56}},"1":{"start":{"line":3,"column":0},"end":{"line":3,"column":36}},"2":{"start":{"line":6,"column":10},"end":{"line":6,"column":47}},"3":{"start":{"line":10,"column":4},"end":{"line":10,"column":52}},"4":{"start":{"line":14,"column":15},"end":{"line":14,"column":37}},"5":{"start":{"line":16,"column":4},"end":{"line":27,"column":5}},"6":{"start":{"line":17,"column":6},"end":{"line":25,"column":8}},"7":{"start":{"line":26,"column":6},"end":{"line":26,"column":35}},"8":{"start":{"line":29,"column":4},"end":{"line":29,"column":16}},"9":{"start":{"line":33,"column":20},"end":{"line":33,"column":66}},"10":{"start":{"line":34,"column":4},"end":{"line":36,"column":5}},"11":{"start":{"line":35,"column":6},"end":{"line":35,"column":43}},"12":{"start":{"line":38,"column":17},"end":{"line":38,"column":51}},"13":{"start":{"line":39,"column":30},"end":{"line":39,"column":81}},"14":{"start":{"line":39,"column":59},"end":{"line":39,"column":80}},"15":{"start":{"line":41,"column":4},"end":{"line":50,"column":5}},"16":{"start":{"line":42,"column":6},"end":{"line":42,"column":57}},"17":{"start":{"line":44,"column":33},"end":{"line":48,"column":8}},"18":{"start":{"line":49,"column":6},"end":{"line":49,"column":32}},"19":{"start":{"line":52,"column":4},"end":{"line":52,"column":32}},"20":{"start":{"line":53,"column":4},"end":{"line":53,"column":32}},"21":{"start":{"line":54,"column":4},"end":{"line":54,"column":33}},"22":{"start":{"line":56,"column":4},"end":{"line":56,"column":16}},"23":{"start":{"line":60,"column":17},"end":{"line":60,"column":51}},"24":{"start":{"line":61,"column":4},"end":{"line":61,"column":66}},"25":{"start":{"line":61,"column":43},"end":{"line":61,"column":64}},"26":{"start":{"line":63,"column":4},"end":{"line":63,"column":32}},"27":{"start":{"line":64,"column":4},"end":{"line":64,"column":32}},"28":{"start":{"line":65,"column":4},"end":{"line":65,"column":33}},"29":{"start":{"line":67,"column":4},"end":{"line":67,"column":16}},"30":{"start":{"line":71,"column":4},"end":{"line":73,"column":5}},"31":{"start":{"line":72,"column":6},"end":{"line":72,"column":52}},"32":{"start":{"line":75,"column":17},"end":{"line":75,"column":51}},"33":{"start":{"line":76,"column":22},"end":{"line":76,"column":73}},"34":{"start":{"line":76,"column":51},"end":{"line":76,"column":72}},"35":{"start":{"line":78,"column":4},"end":{"line":80,"column":5}},"36":{"start":{"line":79,"column":6},"end":{"line":79,"column":48}},"37":{"start":{"line":82,"column":4},"end":{"line":82,"column":46}},"38":{"start":{"line":83,"column":4},"end":{"line":83,"column":32}},"39":{"start":{"line":84,"column":4},"end":{"line":84,"column":32}},"40":{"start":{"line":85,"column":4},"end":{"line":85,"column":33}},"41":{"start":{"line":87,"column":4},"end":{"line":87,"column":16}},"42":{"start":{"line":91,"column":17},"end":{"line":91,"column":51}},"43":{"start":{"line":92,"column":4},"end":{"line":92,"column":20}},"44":{"start":{"line":93,"column":4},"end":{"line":93,"column":25}},"45":{"start":{"line":94,"column":4},"end":{"line":94,"column":24}},"46":{"start":{"line":95,"column":4},"end":{"line":95,"column":32}},"47":{"start":{"line":96,"column":4},"end":{"line":96,"column":33}},"48":{"start":{"line":98,"column":4},"end":{"line":98,"column":16}},"49":{"start":{"line":102,"column":4},"end":{"line":102,"column":40}},"50":{"start":{"line":106,"column":17},"end":{"line":106,"column":51}},"51":{"start":{"line":107,"column":4},"end":{"line":111,"column":6}},"52":{"start":{"line":115,"column":4},"end":{"line":115,"column":83}},"53":{"start":{"line":115,"column":57},"end":{"line":115,"column":78}},"54":{"start":{"line":116,"column":4},"end":{"line":116,"column":99}},"55":{"start":{"line":116,"column":58},"end":{"line":116,"column":94}},"56":{"start":{"line":117,"column":4},"end":{"line":117,"column":64}},"57":{"start":{"line":5,"column":0},"end":{"line":5,"column":13}}},"fnMap":{"0":{"name":"(anonymous_0)","decl":{"start":{"line":9,"column":2},"end":{"line":9,"column":null}},"loc":{"start":{"line":9,"column":2},"end":{"line":11,"column":3}}},"1":{"name":"(anonymous_1)","decl":{"start":{"line":13,"column":2},"end":{"line":13,"column":7}},"loc":{"start":{"line":13,"column":38},"end":{"line":30,"column":3}}},"2":{"name":"(anonymous_2)","decl":{"start":{"line":32,"column":2},"end":{"line":32,"column":7}},"loc":{"start":{"line":32,"column":73},"end":{"line":57,"column":3}}},"3":{"name":"(anonymous_3)","decl":{"start":{"line":39,"column":51},"end":{"line":39,"column":55}},"loc":{"start":{"line":39,"column":59},"end":{"line":39,"column":80}}},"4":{"name":"(anonymous_4)","decl":{"start":{"line":59,"column":2},"end":{"line":59,"column":7}},"loc":{"start":{"line":59,"column":56},"end":{"line":68,"column":3}}},"5":{"name":"(anonymous_5)","decl":{"start":{"line":61,"column":35},"end":{"line":61,"column":39}},"loc":{"start":{"line":61,"column":43},"end":{"line":61,"column":64}}},"6":{"name":"(anonymous_6)","decl":{"start":{"line":70,"column":2},"end":{"line":70,"column":7}},"loc":{"start":{"line":70,"column":74},"end":{"line":88,"column":3}}},"7":{"name":"(anonymous_7)","decl":{"start":{"line":76,"column":43},"end":{"line":76,"column":47}},"loc":{"start":{"line":76,"column":51},"end":{"line":76,"column":72}}},"8":{"name":"(anonymous_8)","decl":{"start":{"line":90,"column":2},"end":{"line":90,"column":7}},"loc":{"start":{"line":90,"column":32},"end":{"line":99,"column":3}}},"9":{"name":"(anonymous_9)","decl":{"start":{"line":101,"column":2},"end":{"line":101,"column":7}},"loc":{"start":{"line":101,"column":30},"end":{"line":103,"column":3}}},"10":{"name":"(anonymous_10)","decl":{"start":{"line":105,"column":2},"end":{"line":105,"column":7}},"loc":{"start":{"line":105,"column":37},"end":{"line":112,"column":3}}},"11":{"name":"(anonymous_11)","decl":{"start":{"line":114,"column":10},"end":{"line":114,"column":26}},"loc":{"start":{"line":114,"column":37},"end":{"line":118,"column":3}}},"12":{"name":"(anonymous_12)","decl":{"start":{"line":115,"column":40},"end":{"line":115,"column":41}},"loc":{"start":{"line":115,"column":57},"end":{"line":115,"column":78}}},"13":{"name":"(anonymous_13)","decl":{"start":{"line":116,"column":41},"end":{"line":116,"column":42}},"loc":{"start":{"line":116,"column":58},"end":{"line":116,"column":94}}}},"branchMap":{"0":{"loc":{"start":{"line":16,"column":4},"end":{"line":27,"column":5}},"type":"if","locations":[{"start":{"line":16,"column":4},"end":{"line":27,"column":5}},{"start":{},"end":{}}]},"1":{"loc":{"start":{"line":32,"column":53},"end":{"line":32,"column":73}},"type":"default-arg","locations":[{"start":{"line":32,"column":72},"end":{"line":32,"column":73}}]},"2":{"loc":{"start":{"line":34,"column":4},"end":{"line":36,"column":5}},"type":"if","locations":[{"start":{"line":34,"column":4},"end":{"line":36,"column":5}},{"start":{},"end":{}}]},"3":{"loc":{"start":{"line":41,"column":4},"end":{"line":50,"column":5}},"type":"if","locations":[{"start":{"line":41,"column":4},"end":{"line":50,"column":5}},{"start":{"line":43,"column":11},"end":{"line":50,"column":5}}]},"4":{"loc":{"start":{"line":71,"column":4},"end":{"line":73,"column":5}},"type":"if","locations":[{"start":{"line":71,"column":4},"end":{"line":73,"column":5}},{"start":{},"end":{}}]},"5":{"loc":{"start":{"line":78,"column":4},"end":{"line":80,"column":5}},"type":"if","locations":[{"start":{"line":78,"column":4},"end":{"line":80,"column":5}},{"start":{},"end":{}}]}},"s":{"0":1,"1":1,"2":40,"3":40,"4":82,"5":82,"6":40,"7":40,"8":82,"9":44,"10":44,"11":1,"12":43,"13":43,"14":13,"15":43,"16":1,"17":42,"18":42,"19":43,"20":43,"21":43,"22":43,"23":8,"24":8,"25":10,"26":8,"27":8,"28":8,"29":8,"30":9,"31":2,"32":7,"33":7,"34":6,"35":7,"36":1,"37":6,"38":6,"39":6,"40":6,"41":6,"42":6,"43":6,"44":6,"45":6,"46":6,"47":6,"48":6,"49":5,"50":4,"51":4,"52":57,"53":66,"54":57,"55":66,"56":57,"57":1},"f":{"0":40,"1":82,"2":44,"3":13,"4":8,"5":10,"6":9,"7":6,"8":6,"9":5,"10":4,"11":57,"12":66,"13":66},"b":{"0":[40,42],"1":[5],"2":[1,43],"3":[1,42],"4":[2,7],"5":[1,6]}}
,"C:\\Work\\TalentDojo\\Mike\\my-basket-app\\microservices\\cart-service\\src\\swagger.ts": {"path":"C:\\Work\\TalentDojo\\Mike\\my-basket-app\\microservices\\cart-service\\src\\swagger.ts","statementMap":{"0":{"start":{"line":1,"column":0},"end":{"line":1,"column":41}},"1":{"start":{"line":2,"column":0},"end":{"line":2,"column":43}},"2":{"start":{"line":5,"column":38},"end":{"line":93,"column":2}},"3":{"start":{"line":95,"column":20},"end":{"line":95,"column":41}},"4":{"start":{"line":97,"column":28},"end":{"line":107,"column":1}},"5":{"start":{"line":98,"column":2},"end":{"line":101,"column":6}},"6":{"start":{"line":103,"column":2},"end":{"line":106,"column":5}},"7":{"start":{"line":104,"column":4},"end":{"line":104,"column":54}},"8":{"start":{"line":105,"column":4},"end":{"line":105,"column":26}},"9":{"start":{"line":97,"column":13},"end":{"line":97,"column":28}}},"fnMap":{"0":{"name":"(anonymous_1)","decl":{"start":{"line":97,"column":28},"end":{"line":97,"column":29}},"loc":{"start":{"line":97,"column":45},"end":{"line":107,"column":1}}},"1":{"name":"(anonymous_2)","decl":{"start":{"line":103,"column":28},"end":{"line":103,"column":29}},"loc":{"start":{"line":103,"column":41},"end":{"line":106,"column":3}}}},"branchMap":{},"s":{"0":0,"1":0,"2":0,"3":0,"4":0,"5":0,"6":0,"7":0,"8":0,"9":0},"f":{"0":0,"1":0},"b":{}}
}
