TN:
SF:src\index.ts
FN:28,(anonymous_1)
FN:34,(anonymous_2)
FN:38,(anonymous_3)
FNF:3
FNH:0
FNDA:0,(anonymous_1)
FNDA:0,(anonymous_2)
FNDA:0,(anonymous_3)
DA:1,0
DA:2,0
DA:3,0
DA:4,0
DA:5,0
DA:6,0
DA:7,0
DA:9,0
DA:11,0
DA:12,0
DA:15,0
DA:16,0
DA:17,0
DA:18,0
DA:19,0
DA:22,0
DA:25,0
DA:28,0
DA:29,0
DA:30,0
DA:34,0
DA:35,0
DA:38,0
DA:39,0
DA:40,0
DA:41,0
LF:26
LH:0
BRDA:12,0,0,0
BRDA:12,0,1,0
BRF:2
BRH:0
end_of_record
TN:
SF:src\product-client.ts
FN:7,(anonymous_1)
FN:20,(anonymous_2)
FN:22,(anonymous_3)
FN:26,(anonymous_4)
FN:29,(anonymous_5)
FNF:5
FNH:0
FNDA:0,(anonymous_1)
FNDA:0,(anonymous_2)
FNDA:0,(anonymous_3)
FNDA:0,(anonymous_4)
FNDA:0,(anonymous_5)
DA:1,1
DA:4,1
DA:6,1
DA:8,0
DA:9,0
DA:10,0
DA:12,0
DA:13,0
DA:15,0
DA:16,0
DA:21,0
DA:22,0
DA:23,0
DA:25,0
DA:27,0
DA:29,0
DA:31,0
DA:32,0
LF:18
LH:3
BRDA:4,0,0,1
BRDA:4,0,1,1
BRDA:12,1,0,0
BRDA:12,1,1,0
BRDA:27,2,0,0
BRDA:27,2,1,0
BRF:6
BRH:2
end_of_record
TN:
SF:src\routes.ts
FN:23,(anonymous_1)
FN:62,(anonymous_2)
FN:107,(anonymous_3)
FN:126,(anonymous_4)
FN:145,(anonymous_5)
FN:156,(anonymous_6)
FN:167,(anonymous_7)
FN:189,(anonymous_8)
FNF:8
FNH:0
FNDA:0,(anonymous_1)
FNDA:0,(anonymous_2)
FNDA:0,(anonymous_3)
FNDA:0,(anonymous_4)
FNDA:0,(anonymous_5)
FNDA:0,(anonymous_6)
FNDA:0,(anonymous_7)
FNDA:0,(anonymous_8)
DA:1,0
DA:2,0
DA:3,0
DA:5,0
DA:6,0
DA:9,0
DA:14,0
DA:18,0
DA:23,0
DA:24,0
DA:25,0
DA:26,0
DA:27,0
DA:29,0
DA:30,0
DA:32,0
DA:62,0
DA:63,0
DA:64,0
DA:65,0
DA:66,0
DA:68,0
DA:69,0
DA:107,0
DA:108,0
DA:109,0
DA:110,0
DA:112,0
DA:113,0
DA:115,0
DA:116,0
DA:118,0
DA:119,0
DA:121,0
DA:122,0
DA:126,0
DA:127,0
DA:128,0
DA:129,0
DA:131,0
DA:132,0
DA:134,0
DA:135,0
DA:137,0
DA:138,0
DA:140,0
DA:141,0
DA:145,0
DA:146,0
DA:147,0
DA:148,0
DA:149,0
DA:151,0
DA:152,0
DA:156,0
DA:157,0
DA:158,0
DA:159,0
DA:160,0
DA:162,0
DA:163,0
DA:167,0
DA:168,0
DA:169,0
DA:170,0
DA:171,0
DA:173,0
DA:174,0
DA:189,0
DA:190,0
DA:193,0
LF:71
LH:0
BRDA:29,0,0,0
BRDA:29,0,1,0
BRDA:115,1,0,0
BRDA:115,1,1,0
BRDA:118,2,0,0
BRDA:118,2,1,0
BRDA:118,3,0,0
BRDA:118,3,1,0
BRDA:134,4,0,0
BRDA:134,4,1,0
BRDA:137,5,0,0
BRDA:137,5,1,0
BRDA:137,6,0,0
BRDA:137,6,1,0
BRF:14
BRH:0
end_of_record
TN:
SF:src\service.ts
FN:9,(anonymous_0)
FN:13,(anonymous_1)
FN:32,(anonymous_2)
FN:39,(anonymous_3)
FN:59,(anonymous_4)
FN:61,(anonymous_5)
FN:70,(anonymous_6)
FN:76,(anonymous_7)
FN:90,(anonymous_8)
FN:101,(anonymous_9)
FN:105,(anonymous_10)
FN:114,(anonymous_11)
FN:115,(anonymous_12)
FN:116,(anonymous_13)
FNF:14
FNH:14
FNDA:40,(anonymous_0)
FNDA:82,(anonymous_1)
FNDA:44,(anonymous_2)
FNDA:13,(anonymous_3)
FNDA:8,(anonymous_4)
FNDA:10,(anonymous_5)
FNDA:9,(anonymous_6)
FNDA:6,(anonymous_7)
FNDA:6,(anonymous_8)
FNDA:5,(anonymous_9)
FNDA:4,(anonymous_10)
FNDA:57,(anonymous_11)
FNDA:66,(anonymous_12)
FNDA:66,(anonymous_13)
DA:2,1
DA:3,1
DA:5,1
DA:6,40
DA:10,40
DA:14,82
DA:16,82
DA:17,40
DA:26,40
DA:29,82
DA:33,44
DA:34,44
DA:35,1
DA:38,43
DA:39,43
DA:41,43
DA:42,1
DA:44,42
DA:49,42
DA:52,43
DA:53,43
DA:54,43
DA:56,43
DA:60,8
DA:61,10
DA:63,8
DA:64,8
DA:65,8
DA:67,8
DA:71,9
DA:72,2
DA:75,7
DA:76,7
DA:78,7
DA:79,1
DA:82,6
DA:83,6
DA:84,6
DA:85,6
DA:87,6
DA:91,6
DA:92,6
DA:93,6
DA:94,6
DA:95,6
DA:96,6
DA:98,6
DA:102,5
DA:106,4
DA:107,4
DA:115,66
DA:116,66
DA:117,57
LF:53
LH:53
BRDA:16,0,0,40
BRDA:16,0,1,42
BRDA:32,1,0,5
BRDA:34,2,0,1
BRDA:34,2,1,43
BRDA:41,3,0,1
BRDA:41,3,1,42
BRDA:71,4,0,2
BRDA:71,4,1,7
BRDA:78,5,0,1
BRDA:78,5,1,6
BRF:11
BRH:11
end_of_record
TN:
SF:src\swagger.ts
FN:97,(anonymous_1)
FN:103,(anonymous_2)
FNF:2
FNH:0
FNDA:0,(anonymous_1)
FNDA:0,(anonymous_2)
DA:1,0
DA:2,0
DA:5,0
DA:95,0
DA:97,0
DA:98,0
DA:103,0
DA:104,0
DA:105,0
LF:9
LH:0
BRF:0
BRH:0
end_of_record
